% (変数q_i_j) 各マスのクイーンの有無を表す変数
(int q_1_1 0 1)
(int q_1_2 0 1)
(int q_1_3 0 1)
(int q_2_1 0 1)
(int q_2_2 0 1)
(int q_2_3 0 1)
(int q_3_1 0 1)
(int q_3_2 0 1)
(int q_3_3 0 1)

% (制約1) クイーングラフ上のクイーンの総数がkであることを意味する制約
(= (+ q_1_1 q_1_2 q_1_3 q_2_1 q_2_2 q_2_3 q_3_1 q_3_2 q_3_3) 2)

% (制約2) 各マスに対して，そのマスにクイーンが移動できるかを表す制約
(> (+ q_1_1 q_1_2 q_1_3 q_1_1 q_2_1 q_3_1 q_1_1 q_1_1 q_2_2 q_3_3) 0)
(> (+ q_1_1 q_1_2 q_1_3 q_1_2 q_2_2 q_3_2 q_1_2 q_2_1 q_1_2 q_2_3) 0)
(> (+ q_1_1 q_1_2 q_1_3 q_1_3 q_2_3 q_3_3 q_1_3 q_2_2 q_3_1 q_1_3) 0)
(> (+ q_2_1 q_2_2 q_2_3 q_1_1 q_2_1 q_3_1 q_1_2 q_2_1 q_2_1 q_3_2) 0)
(> (+ q_2_1 q_2_2 q_2_3 q_1_2 q_2_2 q_3_2 q_1_3 q_2_2 q_3_1 q_1_1 q_2_2 q_3_3) 0)
(> (+ q_2_1 q_2_2 q_2_3 q_1_3 q_2_3 q_3_3 q_2_3 q_3_2 q_1_2 q_2_3) 0)
(> (+ q_3_1 q_3_2 q_3_3 q_1_1 q_2_1 q_3_1 q_1_3 q_2_2 q_3_1 q_3_1) 0)
(> (+ q_3_1 q_3_2 q_3_3 q_1_2 q_2_2 q_3_2 q_2_3 q_3_2 q_2_1 q_3_2) 0)
(> (+ q_3_1 q_3_2 q_3_3 q_1_3 q_2_3 q_3_3 q_3_3 q_1_1 q_2_2 q_3_3) 0)
